{"contracts/Raffle.sol":{"l":{"62":3,"63":3,"64":3,"65":3,"66":3,"67":3,"68":3,"69":3,"74":5,"75":1,"77":4,"78":1,"80":3,"83":3,"107":1,"108":1,"109":1,"110":1,"111":1,"117":1,"118":1,"119":0,"125":1,"126":1,"133":1,"147":0,"148":0,"149":0,"150":0,"151":0,"152":0,"153":0,"155":0,"156":0,"158":0,"163":5,"167":1,"171":0,"175":1,"179":0,"183":0,"187":0,"191":0,"194":5},"path":"/home/aindriu/Cáipéisí/Programming/projects/FreeCodeCamp/fcc-hardhat-smartcontract-lottery-app/contracts/Raffle.sol","s":{"1":5,"2":4,"3":3,"4":3,"5":1,"6":1,"7":1,"8":1,"9":1,"10":1,"11":1,"12":1,"13":0,"14":0,"15":0,"16":0,"17":0,"18":5,"19":1,"20":0,"21":1,"22":0,"23":0,"24":0,"25":0,"26":5},"b":{"1":[1,4],"2":[1,3],"3":[0,1],"4":[0,0]},"f":{"1":3,"2":5,"3":1,"4":1,"5":0,"6":5,"7":1,"8":0,"9":1,"10":0,"11":0,"12":0,"13":0,"14":5},"fnMap":{"1":{"name":"constructor","line":61,"loc":{"start":{"line":54,"column":4},"end":{"line":70,"column":4}}},"2":{"name":"enterRaffle","line":72,"loc":{"start":{"line":72,"column":4},"end":{"line":84,"column":4}}},"3":{"name":"checkUpkeep","line":96,"loc":{"start":{"line":96,"column":4},"end":{"line":112,"column":4}}},"4":{"name":"performUpkeep","line":114,"loc":{"start":{"line":114,"column":4},"end":{"line":134,"column":4}}},"5":{"name":"fulfillRandomWords","line":136,"loc":{"start":{"line":136,"column":4},"end":{"line":159,"column":4}}},"6":{"name":"getEntraceFee","line":162,"loc":{"start":{"line":162,"column":4},"end":{"line":164,"column":4}}},"7":{"name":"getPlayer","line":166,"loc":{"start":{"line":166,"column":4},"end":{"line":168,"column":4}}},"8":{"name":"getRecentWinner","line":170,"loc":{"start":{"line":170,"column":4},"end":{"line":172,"column":4}}},"9":{"name":"getRaffleState","line":174,"loc":{"start":{"line":174,"column":4},"end":{"line":176,"column":4}}},"10":{"name":"getNumWords","line":178,"loc":{"start":{"line":178,"column":4},"end":{"line":180,"column":4}}},"11":{"name":"getNumberOfPlayers","line":182,"loc":{"start":{"line":182,"column":4},"end":{"line":184,"column":4}}},"12":{"name":"getLatestTimeStamp","line":186,"loc":{"start":{"line":186,"column":4},"end":{"line":188,"column":4}}},"13":{"name":"getRequestConfirmations","line":190,"loc":{"start":{"line":190,"column":4},"end":{"line":192,"column":4}}},"14":{"name":"getInterval","line":193,"loc":{"start":{"line":193,"column":4},"end":{"line":195,"column":4}}}},"statementMap":{"1":{"start":{"line":74,"column":8},"end":{"line":74,"column":2637}},"2":{"start":{"line":77,"column":8},"end":{"line":77,"column":2738}},"3":{"start":{"line":80,"column":8},"end":{"line":80,"column":42}},"4":{"start":{"line":83,"column":8},"end":{"line":83,"column":36}},"5":{"start":{"line":107,"column":8},"end":{"line":107,"column":57}},"6":{"start":{"line":108,"column":8},"end":{"line":108,"column":76}},"7":{"start":{"line":109,"column":8},"end":{"line":109,"column":48}},"8":{"start":{"line":110,"column":8},"end":{"line":110,"column":51}},"9":{"start":{"line":117,"column":8},"end":{"line":117,"column":47}},"10":{"start":{"line":118,"column":8},"end":{"line":118,"column":4146}},"11":{"start":{"line":126,"column":8},"end":{"line":126,"column":4406}},"12":{"start":{"line":133,"column":8},"end":{"line":133,"column":45}},"13":{"start":{"line":147,"column":8},"end":{"line":147,"column":65}},"14":{"start":{"line":148,"column":8},"end":{"line":148,"column":63}},"15":{"start":{"line":153,"column":8},"end":{"line":153,"column":78}},"16":{"start":{"line":155,"column":8},"end":{"line":155,"column":5403}},"17":{"start":{"line":158,"column":8},"end":{"line":158,"column":39}},"18":{"start":{"line":163,"column":8},"end":{"line":163,"column":28}},"19":{"start":{"line":167,"column":8},"end":{"line":167,"column":31}},"20":{"start":{"line":171,"column":8},"end":{"line":171,"column":29}},"21":{"start":{"line":175,"column":8},"end":{"line":175,"column":28}},"22":{"start":{"line":179,"column":8},"end":{"line":179,"column":24}},"23":{"start":{"line":183,"column":8},"end":{"line":183,"column":31}},"24":{"start":{"line":187,"column":8},"end":{"line":187,"column":30}},"25":{"start":{"line":191,"column":8},"end":{"line":191,"column":36}},"26":{"start":{"line":194,"column":8},"end":{"line":194,"column":25}}},"branchMap":{"1":{"line":74,"type":"if","locations":[{"start":{"line":74,"column":8},"end":{"line":74,"column":8}},{"start":{"line":74,"column":8},"end":{"line":74,"column":8}}]},"2":{"line":77,"type":"if","locations":[{"start":{"line":77,"column":8},"end":{"line":77,"column":8}},{"start":{"line":77,"column":8},"end":{"line":77,"column":8}}]},"3":{"line":118,"type":"if","locations":[{"start":{"line":118,"column":8},"end":{"line":118,"column":8}},{"start":{"line":118,"column":8},"end":{"line":118,"column":8}}]},"4":{"line":155,"type":"if","locations":[{"start":{"line":155,"column":8},"end":{"line":155,"column":8}},{"start":{"line":155,"column":8},"end":{"line":155,"column":8}}]}}},"contracts/test/VRFCoordinatorV2Mock.sol":{"l":{},"path":"/home/aindriu/Cáipéisí/Programming/projects/FreeCodeCamp/fcc-hardhat-smartcontract-lottery-app/contracts/test/VRFCoordinatorV2Mock.sol","s":{},"b":{},"f":{},"fnMap":{},"statementMap":{},"branchMap":{}}}